Script started on 2021-09-27 11:44:20-07:00 [TERM="xterm-256color" TTY="/dev/pts/1" COLUMNS="88" LINES="49"]
]0;student@ubuntu: /mnt/hgfs/p1/memory/test[01;32mstudent@ubuntu[00m:[01;34m/mnt/hgfs/p1/memory/test[00m$ exitpython monitor.py -t runtest2.py 

--------------------------------------------------
Iteration number :  1
Memory (VM: aos_vm3)  Actual [315.0], Unused: [120.1640625]
Memory (VM: aos_vm4)  Actual [300.1875], Unused: [105.26953125]
Memory (VM: aos_vm2)  Actual [309.73046875], Unused: [115.48828125]
Memory (VM: aos_vm1)  Actual [318.6640625], Unused: [123.9453125]

--------------------------------------------------
Iteration number :  2
Memory (VM: aos_vm3)  Actual [315.0], Unused: [120.1640625]
Memory (VM: aos_vm4)  Actual [300.1875], Unused: [105.26953125]
Memory (VM: aos_vm2)  Actual [309.73046875], Unused: [115.48828125]
Memory (VM: aos_vm1)  Actual [318.6640625], Unused: [123.9453125]

--------------------------------------------------
Iteration number :  3
Memory (VM: aos_vm3)  Actual [315.0], Unused: [120.1640625]
Memory (VM: aos_vm4)  Actual [300.1875], Unused: [105.26953125]
Memory (VM: aos_vm2)  Actual [309.73046875], Unused: [115.48828125]
Memory (VM: aos_vm1)  Actual [318.6640625], Unused: [123.9453125]

--------------------------------------------------
Iteration number :  4
Memory (VM: aos_vm3)  Actual [315.0], Unused: [120.1640625]
Memory (VM: aos_vm4)  Actual [300.1875], Unused: [105.26953125]
Memory (VM: aos_vm2)  Actual [309.73046875], Unused: [115.48828125]
Memory (VM: aos_vm1)  Actual [318.6640625], Unused: [123.9453125]

--------------------------------------------------
Iteration number :  5
Memory (VM: aos_vm3)  Actual [315.0], Unused: [120.1640625]
Memory (VM: aos_vm4)  Actual [300.1875], Unused: [105.26953125]
Memory (VM: aos_vm2)  Actual [309.73046875], Unused: [115.48828125]
Memory (VM: aos_vm1)  Actual [318.6640625], Unused: [123.9765625]
Start testcase 2

--------------------------------------------------
Iteration number :  6
Memory (VM: aos_vm3)  Actual [512.0], Unused: [317.3046875]
Memory (VM: aos_vm4)  Actual [512.0], Unused: [317.0625]
Memory (VM: aos_vm2)  Actual [512.0], Unused: [317.69921875]
Memory (VM: aos_vm1)  Actual [512.0], Unused: [317.0]

--------------------------------------------------
Iteration number :  7
Memory (VM: aos_vm3)  Actual [472.0], Unused: [270.6875]
Memory (VM: aos_vm4)  Actual [472.0], Unused: [269.19140625]
Memory (VM: aos_vm2)  Actual [472.0], Unused: [293.70703125]
Memory (VM: aos_vm1)  Actual [472.0], Unused: [271.84765625]

--------------------------------------------------
Iteration number :  8
Memory (VM: aos_vm3)  Actual [432.0], Unused: [238.8515625]
Memory (VM: aos_vm4)  Actual [432.0], Unused: [213.24609375]
Memory (VM: aos_vm2)  Actual [432.0], Unused: [237.99609375]
Memory (VM: aos_vm1)  Actual [432.0], Unused: [216.0234375]

--------------------------------------------------
Iteration number :  9
Memory (VM: aos_vm3)  Actual [392.0], Unused: [182.05859375]
Memory (VM: aos_vm4)  Actual [411.0], Unused: [177.40234375]
Memory (VM: aos_vm2)  Actual [392.0], Unused: [180.9609375]
Memory (VM: aos_vm1)  Actual [397.0], Unused: [165.1640625]

--------------------------------------------------
Iteration number :  10
Memory (VM: aos_vm3)  Actual [352.0], Unused: [124.78125]
Memory (VM: aos_vm4)  Actual [371.0], Unused: [121.578125]
Memory (VM: aos_vm2)  Actual [352.0], Unused: [125.37890625]
Memory (VM: aos_vm1)  Actual [357.0], Unused: [120.72265625]

--------------------------------------------------
Iteration number :  11
Memory (VM: aos_vm3)  Actual [452.0], Unused: [88.81640625]
Memory (VM: aos_vm4)  Actual [351.0], Unused: [85.61328125]
Memory (VM: aos_vm2)  Actual [452.0], Unused: [89.2265625]
Memory (VM: aos_vm1)  Actual [437.0], Unused: [72.04296875]

--------------------------------------------------
Iteration number :  12
Memory (VM: aos_vm3)  Actual [412.0], Unused: [123.48046875]
Memory (VM: aos_vm4)  Actual [431.0], Unused: [151.24609375]
Memory (VM: aos_vm2)  Actual [412.0], Unused: [154.375]
Memory (VM: aos_vm1)  Actual [397.0], Unused: [136.5859375]

--------------------------------------------------
Iteration number :  13
Memory (VM: aos_vm3)  Actual [392.0], Unused: [86.546875]
Memory (VM: aos_vm4)  Actual [391.0], Unused: [93.484375]
Memory (VM: aos_vm2)  Actual [392.0], Unused: [98.1875]
Memory (VM: aos_vm1)  Actual [397.0], Unused: [101.10546875]

--------------------------------------------------
Iteration number :  14
Memory (VM: aos_vm3)  Actual [472.0], Unused: [151.08984375]
Memory (VM: aos_vm4)  Actual [491.0], Unused: [103.26171875]
Memory (VM: aos_vm2)  Actual [472.0], Unused: [181.5]
Memory (VM: aos_vm1)  Actual [497.0], Unused: [84.515625]

--------------------------------------------------
Iteration number :  15
Memory (VM: aos_vm3)  Actual [432.0], Unused: [92.96484375]
Memory (VM: aos_vm4)  Actual [471.0], Unused: [160.5703125]
Memory (VM: aos_vm2)  Actual [432.0], Unused: [125.43359375]
Memory (VM: aos_vm1)  Actual [457.0], Unused: [148.6953125]

--------------------------------------------------
Iteration number :  16
Memory (VM: aos_vm3)  Actual [532.0], Unused: [176.640625]
Memory (VM: aos_vm4)  Actual [451.0], Unused: [102.4453125]
Memory (VM: aos_vm2)  Actual [532.0], Unused: [89.7421875]
Memory (VM: aos_vm1)  Actual [437.0], Unused: [93.11328125]

--------------------------------------------------
Iteration number :  17
Memory (VM: aos_vm3)  Actual [492.0], Unused: [119.84765625]
Memory (VM: aos_vm4)  Actual [551.0], Unused: [84.765625]
Memory (VM: aos_vm2)  Actual [492.0], Unused: [153.1953125]
Memory (VM: aos_vm1)  Actual [517.0], Unused: [176.3046875]

--------------------------------------------------
Iteration number :  18
Memory (VM: aos_vm3)  Actual [472.0], Unused: [81.33984375]
Memory (VM: aos_vm4)  Actual [511.0], Unused: [147.734375]
Memory (VM: aos_vm2)  Actual [472.0], Unused: [96.28125]
Memory (VM: aos_vm1)  Actual [477.0], Unused: [121.44921875]

--------------------------------------------------
Iteration number :  19
Memory (VM: aos_vm3)  Actual [552.0], Unused: [143.4609375]
Memory (VM: aos_vm4)  Actual [491.0], Unused: [91.51171875]
Memory (VM: aos_vm2)  Actual [552.0], Unused: [150.89453125]
Memory (VM: aos_vm1)  Actual [577.0], Unused: [84.7578125]

--------------------------------------------------
Iteration number :  20
Memory (VM: aos_vm3)  Actual [512.0], Unused: [88.484375]
Memory (VM: aos_vm4)  Actual [490.0], Unused: [174.9453125]
Memory (VM: aos_vm2)  Actual [512.0], Unused: [95.0703125]
Memory (VM: aos_vm1)  Actual [537.0], Unused: [148.2109375]

--------------------------------------------------
Iteration number :  21
Memory (VM: aos_vm3)  Actual [592.0], Unused: [168.6484375]
Memory (VM: aos_vm4)  Actual [552.0], Unused: [166.78515625]
Memory (VM: aos_vm2)  Actual [525.0], Unused: [85.609375]
Memory (VM: aos_vm1)  Actual [517.0], Unused: [92.9921875]

--------------------------------------------------
Iteration number :  22
Memory (VM: aos_vm3)  Actual [572.0], Unused: [111.12890625]
Memory (VM: aos_vm4)  Actual [532.0], Unused: [110.234375]
Memory (VM: aos_vm2)  Actual [712.0], Unused: [263.02734375]
Memory (VM: aos_vm1)  Actual [617.0], Unused: [177.7578125]

--------------------------------------------------
Iteration number :  23
Memory (VM: aos_vm3)  Actual [652.0], Unused: [176.19140625]
Memory (VM: aos_vm4)  Actual [612.0], Unused: [175.01953125]
Memory (VM: aos_vm2)  Actual [672.0], Unused: [206.35546875]
Memory (VM: aos_vm1)  Actual [577.0], Unused: [121.20703125]

--------------------------------------------------
Iteration number :  24
Memory (VM: aos_vm3)  Actual [612.0], Unused: [118.30859375]
Memory (VM: aos_vm4)  Actual [572.0], Unused: [120.04296875]
Memory (VM: aos_vm2)  Actual [632.0], Unused: [150.16796875]
Memory (VM: aos_vm1)  Actual [557.0], Unused: [83.0625]

--------------------------------------------------
Iteration number :  25
Memory (VM: aos_vm3)  Actual [692.0], Unused: [181.15625]
Memory (VM: aos_vm4)  Actual [552.0], Unused: [83.47265625]
Memory (VM: aos_vm2)  Actual [592.0], Unused: [94.94921875]
Memory (VM: aos_vm1)  Actual [637.0], Unused: [146.66796875]

--------------------------------------------------
Iteration number :  26
Memory (VM: aos_vm3)  Actual [652.0], Unused: [125.453125]
Memory (VM: aos_vm4)  Actual [632.0], Unused: [146.44140625]
Memory (VM: aos_vm2)  Actual [692.0], Unused: [180.078125]
Memory (VM: aos_vm1)  Actual [597.0], Unused: [90.23828125]

--------------------------------------------------
Iteration number :  27
Memory (VM: aos_vm3)  Actual [632.0], Unused: [89.73046875]
Memory (VM: aos_vm4)  Actual [592.0], Unused: [91.22265625]
Memory (VM: aos_vm2)  Actual [652.0], Unused: [124.375]
Memory (VM: aos_vm1)  Actual [697.0], Unused: [74.234375]

--------------------------------------------------
Iteration number :  28
Memory (VM: aos_vm3)  Actual [613.0], Unused: [73.46484375]
Memory (VM: aos_vm4)  Actual [692.0], Unused: [176.31640625]
Memory (VM: aos_vm2)  Actual [632.0], Unused: [88.89453125]
Memory (VM: aos_vm1)  Actual [657.0], Unused: [137.828125]

--------------------------------------------------
Iteration number :  29
Memory (VM: aos_vm3)  Actual [693.0], Unused: [138.37890625]
Memory (VM: aos_vm4)  Actual [652.0], Unused: [122.22265625]
Memory (VM: aos_vm2)  Actual [712.0], Unused: [151.984375]
Memory (VM: aos_vm1)  Actual [657.0], Unused: [101.015625]

--------------------------------------------------
Iteration number :  30
Memory (VM: aos_vm3)  Actual [653.0], Unused: [83.64453125]
Memory (VM: aos_vm4)  Actual [632.0], Unused: [84.19921875]
Memory (VM: aos_vm2)  Actual [672.0], Unused: [95.5546875]
Memory (VM: aos_vm1)  Actual [757.0], Unused: [84.7890625]

--------------------------------------------------
Iteration number :  31
Memory (VM: aos_vm3)  Actual [733.0], Unused: [145.16015625]
Memory (VM: aos_vm4)  Actual [712.0], Unused: [168.84375]
Memory (VM: aos_vm2)  Actual [772.0], Unused: [178.26171875]
Memory (VM: aos_vm1)  Actual [717.0], Unused: [148.12109375]

--------------------------------------------------
Iteration number :  32
Memory (VM: aos_vm3)  Actual [693.0], Unused: [87.55078125]
Memory (VM: aos_vm4)  Actual [672.0], Unused: [113.74609375]
Memory (VM: aos_vm2)  Actual [732.0], Unused: [121.58984375]
Memory (VM: aos_vm1)  Actual [697.0], Unused: [93.14453125]

--------------------------------------------------
Iteration number :  33
Memory (VM: aos_vm3)  Actual [773.0], Unused: [150.3984375]
Memory (VM: aos_vm4)  Actual [752.0], Unused: [177.92578125]
Memory (VM: aos_vm2)  Actual [712.0], Unused: [84.8984375]
Memory (VM: aos_vm1)  Actual [777.0], Unused: [176.8203125]

--------------------------------------------------
Iteration number :  34
Memory (VM: aos_vm3)  Actual [733.0], Unused: [95.30078125]
Memory (VM: aos_vm4)  Actual [712.0], Unused: [120.28515625]
Memory (VM: aos_vm2)  Actual [792.0], Unused: [148.8359375]
Memory (VM: aos_vm1)  Actual [737.0], Unused: [121.84375]

--------------------------------------------------
Iteration number :  35
Memory (VM: aos_vm3)  Actual [833.0], Unused: [139.84375]
Memory (VM: aos_vm4)  Actual [812.0], Unused: [84.5625]
Memory (VM: aos_vm2)  Actual [752.0], Unused: [91.80078125]
Memory (VM: aos_vm1)  Actual [837.0], Unused: [85.2734375]

--------------------------------------------------
Iteration number :  36
Memory (VM: aos_vm3)  Actual [793.0], Unused: [131.14453125]
Memory (VM: aos_vm4)  Actual [772.0], Unused: [148.62109375]
Memory (VM: aos_vm2)  Actual [852.0], Unused: [175.11328125]
Memory (VM: aos_vm1)  Actual [797.0], Unused: [122.0859375]

--------------------------------------------------
Iteration number :  37
Memory (VM: aos_vm3)  Actual [873.0], Unused: [88.3984375]
Memory (VM: aos_vm4)  Actual [752.0], Unused: [92.43359375]
Memory (VM: aos_vm2)  Actual [812.0], Unused: [127.796875]
Memory (VM: aos_vm1)  Actual [777.0], Unused: [86.7265625]

--------------------------------------------------
Iteration number :  38
Memory (VM: aos_vm3)  Actual [833.0], Unused: [152.45703125]
Memory (VM: aos_vm4)  Actual [832.0], Unused: [175.26171875]
Memory (VM: aos_vm2)  Actual [892.0], Unused: [83.59765625]
Memory (VM: aos_vm1)  Actual [857.0], Unused: [149.6953125]

--------------------------------------------------
Iteration number :  39
Memory (VM: aos_vm3)  Actual [813.0], Unused: [97.48046875]
Memory (VM: aos_vm4)  Actual [792.0], Unused: [118.10546875]
Memory (VM: aos_vm2)  Actual [852.0], Unused: [148.26171875]
Memory (VM: aos_vm1)  Actual [817.0], Unused: [93.87109375]

--------------------------------------------------
Iteration number :  40
Memory (VM: aos_vm3)  Actual [893.0], Unused: [180.79296875]
Memory (VM: aos_vm4)  Actual [892.0], Unused: [82.05078125]
Memory (VM: aos_vm2)  Actual [832.0], Unused: [92.4375]
Memory (VM: aos_vm1)  Actual [917.0], Unused: [177.18359375]

--------------------------------------------------
Iteration number :  41
Memory (VM: aos_vm3)  Actual [853.0], Unused: [123.39453125]
Memory (VM: aos_vm4)  Actual [852.0], Unused: [146.47265625]
Memory (VM: aos_vm2)  Actual [912.0], Unused: [175.38671875]
Memory (VM: aos_vm1)  Actual [877.0], Unused: [121.1171875]

--------------------------------------------------
Iteration number :  42
Memory (VM: aos_vm3)  Actual [953.0], Unused: [87.4296875]
Memory (VM: aos_vm4)  Actual [832.0], Unused: [90.28515625]
Memory (VM: aos_vm2)  Actual [872.0], Unused: [119.68359375]
Memory (VM: aos_vm1)  Actual [857.0], Unused: [85.515625]

--------------------------------------------------
Iteration number :  43
Memory (VM: aos_vm3)  Actual [913.0], Unused: [152.3359375]
Memory (VM: aos_vm4)  Actual [912.0], Unused: [175.8984375]
Memory (VM: aos_vm2)  Actual [891.0], Unused: [84.32421875]
Memory (VM: aos_vm1)  Actual [937.0], Unused: [170.5234375]

--------------------------------------------------
Iteration number :  44
Memory (VM: aos_vm3)  Actual [893.0], Unused: [95.421875]
Memory (VM: aos_vm4)  Actual [872.0], Unused: [118.984375]
Memory (VM: aos_vm2)  Actual [934.0], Unused: [150.078125]
Memory (VM: aos_vm1)  Actual [900.0], Unused: [115.546875]

--------------------------------------------------
Iteration number :  45
Memory (VM: aos_vm3)  Actual [993.0], Unused: [179.33984375]
Memory (VM: aos_vm4)  Actual [972.0], Unused: [179.53125]
Memory (VM: aos_vm2)  Actual [912.0], Unused: [94.73828125]
Memory (VM: aos_vm1)  Actual [997.0], Unused: [180.36328125]

--------------------------------------------------
Iteration number :  46
Memory (VM: aos_vm3)  Actual [953.0], Unused: [124.36328125]
Memory (VM: aos_vm4)  Actual [932.0], Unused: [134.96875]
Memory (VM: aos_vm2)  Actual [1012.0], Unused: [179.26171875]
Memory (VM: aos_vm1)  Actual [957.0], Unused: [125.0234375]

--------------------------------------------------
Iteration number :  47
Memory (VM: aos_vm3)  Actual [933.0], Unused: [87.671875]
Memory (VM: aos_vm4)  Actual [1012.0], Unused: [87.5]
Memory (VM: aos_vm2)  Actual [972.0], Unused: [122.10546875]
Memory (VM: aos_vm1)  Actual [937.0], Unused: [87.84765625]

--------------------------------------------------
Iteration number :  48
Memory (VM: aos_vm3)  Actual [1013.0], Unused: [151.125]
Memory (VM: aos_vm4)  Actual [972.0], Unused: [152.890625]
Memory (VM: aos_vm2)  Actual [952.0], Unused: [84.4453125]
Memory (VM: aos_vm1)  Actual [1017.0], Unused: [150.453125]

--------------------------------------------------
Iteration number :  49
Memory (VM: aos_vm3)  Actual [973.0], Unused: [95.1796875]
Memory (VM: aos_vm4)  Actual [952.0], Unused: [95.12890625]
Memory (VM: aos_vm2)  Actual [1032.0], Unused: [147.65625]
Memory (VM: aos_vm1)  Actual [977.0], Unused: [94.265625]

--------------------------------------------------
Iteration number :  50
Memory (VM: aos_vm3)  Actual [1073.0], Unused: [170.70703125]
Memory (VM: aos_vm4)  Actual [1032.0], Unused: [150.7109375]
Memory (VM: aos_vm2)  Actual [992.0], Unused: [91.34765625]
Memory (VM: aos_vm1)  Actual [1077.0], Unused: [176.48828125]

--------------------------------------------------
Iteration number :  51
Memory (VM: aos_vm3)  Actual [1033.0], Unused: [120.609375]
Memory (VM: aos_vm4)  Actual [992.0], Unused: [93.91796875]
Memory (VM: aos_vm2)  Actual [1092.0], Unused: [174.0546875]
Memory (VM: aos_vm1)  Actual [1037.0], Unused: [119.81640625]

--------------------------------------------------
Iteration number :  52
Memory (VM: aos_vm3)  Actual [1013.0], Unused: [83.0703125]
Memory (VM: aos_vm4)  Actual [1092.0], Unused: [178.078125]
Memory (VM: aos_vm2)  Actual [1052.0], Unused: [117.01953125]
Memory (VM: aos_vm1)  Actual [1017.0], Unused: [84.45703125]

--------------------------------------------------
Iteration number :  53
Memory (VM: aos_vm3)  Actual [1093.0], Unused: [166.77734375]
Memory (VM: aos_vm4)  Actual [1052.0], Unused: [122.859375]
Memory (VM: aos_vm2)  Actual [1132.0], Unused: [92.0625]
Memory (VM: aos_vm1)  Actual [1097.0], Unused: [148.2734375]

--------------------------------------------------
Iteration number :  54
Memory (VM: aos_vm3)  Actual [1073.0], Unused: [109.7421875]
Memory (VM: aos_vm4)  Actual [1032.0], Unused: [86.7734375]
Memory (VM: aos_vm2)  Actual [1112.0], Unused: [164.24609375]
Memory (VM: aos_vm1)  Actual [1057.0], Unused: [93.78125]

--------------------------------------------------
Iteration number :  55
Memory (VM: aos_vm3)  Actual [1073.0], Unused: [94.2421875]
Memory (VM: aos_vm4)  Actual [1112.0], Unused: [148.53125]
Memory (VM: aos_vm2)  Actual [1092.0], Unused: [108.30078125]
Memory (VM: aos_vm1)  Actual [1157.0], Unused: [176.73046875]

--------------------------------------------------
Iteration number :  56
Memory (VM: aos_vm3)  Actual [1153.0], Unused: [178.765625]
Memory (VM: aos_vm4)  Actual [1072.0], Unused: [89.921875]
Memory (VM: aos_vm2)  Actual [1092.0], Unused: [93.04296875]
Memory (VM: aos_vm1)  Actual [1117.0], Unused: [118.484375]

--------------------------------------------------
Iteration number :  57
Memory (VM: aos_vm3)  Actual [1113.0], Unused: [121.48828125]
Memory (VM: aos_vm4)  Actual [1152.0], Unused: [154.70703125]
Memory (VM: aos_vm2)  Actual [1172.0], Unused: [176.0234375]
Memory (VM: aos_vm1)  Actual [1097.0], Unused: [82.03515625]

--------------------------------------------------
Iteration number :  58
Memory (VM: aos_vm3)  Actual [1213.0], Unused: [85.0390625]
Memory (VM: aos_vm4)  Actual [1112.0], Unused: [98.8828125]
Memory (VM: aos_vm2)  Actual [1132.0], Unused: [119.8359375]
Memory (VM: aos_vm1)  Actual [1177.0], Unused: [145.97265625]

--------------------------------------------------
Iteration number :  59
Memory (VM: aos_vm3)  Actual [1173.0], Unused: [148.12890625]
Memory (VM: aos_vm4)  Actual [1212.0], Unused: [181.2265625]
Memory (VM: aos_vm2)  Actual [1232.0], Unused: [83.0234375]
Memory (VM: aos_vm1)  Actual [1137.0], Unused: [90.02734375]

--------------------------------------------------
Iteration number :  60
Memory (VM: aos_vm3)  Actual [1153.0], Unused: [91.21484375]
Memory (VM: aos_vm4)  Actual [1172.0], Unused: [122.28515625]
Memory (VM: aos_vm2)  Actual [1192.0], Unused: [145.87109375]
Memory (VM: aos_vm1)  Actual [1237.0], Unused: [84.78125]

--------------------------------------------------
Iteration number :  61
Memory (VM: aos_vm3)  Actual [1134.0], Unused: [174.52734375]
Memory (VM: aos_vm4)  Actual [1152.0], Unused: [85.23046875]
Memory (VM: aos_vm2)  Actual [1272.0], Unused: [89.44140625]
Memory (VM: aos_vm1)  Actual [1197.0], Unused: [137.375]

--------------------------------------------------
Iteration number :  62
Memory (VM: aos_vm3)  Actual [1214.0], Unused: [165.640625]
Memory (VM: aos_vm4)  Actual [1232.0], Unused: [149.53125]
Memory (VM: aos_vm2)  Actual [1232.0], Unused: [153.62109375]
Memory (VM: aos_vm1)  Actual [1197.0], Unused: [102.62109375]

--------------------------------------------------
Iteration number :  63
Memory (VM: aos_vm3)  Actual [1174.0], Unused: [111.2734375]
Memory (VM: aos_vm4)  Actual [1192.0], Unused: [93.828125]
Memory (VM: aos_vm2)  Actual [1212.0], Unused: [97.0703125]
Memory (VM: aos_vm1)  Actual [1297.0], Unused: [84.21484375]

--------------------------------------------------
Iteration number :  64
Memory (VM: aos_vm3)  Actual [1254.0], Unused: [174.60546875]
Memory (VM: aos_vm4)  Actual [1292.0], Unused: [140.5703125]
Memory (VM: aos_vm2)  Actual [1292.0], Unused: [178.56640625]
Memory (VM: aos_vm1)  Actual [1257.0], Unused: [147.0625]

--------------------------------------------------
Iteration number :  65
Memory (VM: aos_vm3)  Actual [1214.0], Unused: [118.78125]
Memory (VM: aos_vm4)  Actual [1153.0], Unused: [62.98828125]
Memory (VM: aos_vm2)  Actual [1252.0], Unused: [123.58984375]
Memory (VM: aos_vm1)  Actual [1237.0], Unused: [91.72265625]

--------------------------------------------------
Iteration number :  66
Memory (VM: aos_vm3)  Actual [1294.0], Unused: [182.234375]
Memory (VM: aos_vm4)  Actual [1175.0], Unused: [1092.4921875]
Memory (VM: aos_vm2)  Actual [1352.0], Unused: [87.8671875]
Memory (VM: aos_vm1)  Actual [1317.0], Unused: [176.03515625]

--------------------------------------------------
Iteration number :  67
Memory (VM: aos_vm3)  Actual [1254.0], Unused: [126.2890625]
Memory (VM: aos_vm4)  Actual [764.63671875], Unused: [658.734375]
Memory (VM: aos_vm2)  Actual [1312.0], Unused: [151.8046875]
Memory (VM: aos_vm1)  Actual [1277.0], Unused: [121.30078125]

--------------------------------------------------
Iteration number :  68
Memory (VM: aos_vm3)  Actual [1254.0], Unused: [82.81640625]
Memory (VM: aos_vm4)  Actual [554.20703125], Unused: [414.24609375]
Memory (VM: aos_vm2)  Actual [1292.0], Unused: [95.98046875]
Memory (VM: aos_vm1)  Actual [1377.0], Unused: [86.546875]

--------------------------------------------------
Iteration number :  69
Memory (VM: aos_vm3)  Actual [1334.0], Unused: [149.0546875]
Memory (VM: aos_vm4)  Actual [514.20703125], Unused: [374.28515625]
Memory (VM: aos_vm2)  Actual [1372.0], Unused: [181.08203125]
Memory (VM: aos_vm1)  Actual [1337.0], Unused: [151.6953125]

--------------------------------------------------
Iteration number :  70
Memory (VM: aos_vm3)  Actual [1294.0], Unused: [94.8046875]
Memory (VM: aos_vm4)  Actual [474.20703125], Unused: [334.203125]
Memory (VM: aos_vm2)  Actual [1332.0], Unused: [126.98046875]
Memory (VM: aos_vm1)  Actual [1317.0], Unused: [97.4453125]

--------------------------------------------------
Iteration number :  71
Memory (VM: aos_vm3)  Actual [1316.0], Unused: [78.45703125]
Memory (VM: aos_vm4)  Actual [441.20703125], Unused: [294.2421875]
Memory (VM: aos_vm2)  Actual [1332.0], Unused: [91.7421875]
Memory (VM: aos_vm1)  Actual [1397.0], Unused: [182.9375]

--------------------------------------------------
Iteration number :  72
Memory (VM: aos_vm3)  Actual [1369.0], Unused: [143.7265625]
Memory (VM: aos_vm4)  Actual [411.20703125], Unused: [254.28125]
Memory (VM: aos_vm2)  Actual [1432.0], Unused: [121.859375]
Memory (VM: aos_vm1)  Actual [1372.0], Unused: [126.265625]

--------------------------------------------------
Iteration number :  73
Memory (VM: aos_vm3)  Actual [1334.0], Unused: [88.5078125]
Memory (VM: aos_vm4)  Actual [374.20703125], Unused: [214.23046875]
Memory (VM: aos_vm2)  Actual [1392.0], Unused: [136.42578125]
Memory (VM: aos_vm1)  Actual [1357.0], Unused: [90.90625]

--------------------------------------------------
Iteration number :  74
Memory (VM: aos_vm3)  Actual [1414.0], Unused: [152.234375]
Memory (VM: aos_vm4)  Actual [334.20703125], Unused: [174.26953125]
Memory (VM: aos_vm2)  Actual [1472.0], Unused: [174.328125]
Memory (VM: aos_vm1)  Actual [1457.0], Unused: [175.9140625]

--------------------------------------------------
Iteration number :  75
Memory (VM: aos_vm3)  Actual [1374.0], Unused: [96.2890625]
Memory (VM: aos_vm4)  Actual [314.20703125], Unused: [154.2890625]
Memory (VM: aos_vm2)  Actual [1432.0], Unused: [118.8671875]
Memory (VM: aos_vm1)  Actual [1417.0], Unused: [120.2109375]

--------------------------------------------------
Iteration number :  76
Memory (VM: aos_vm3)  Actual [1474.0], Unused: [180.0859375]
Memory (VM: aos_vm4)  Actual [314.20703125], Unused: [154.16796875]
Memory (VM: aos_vm2)  Actual [1412.0], Unused: [84.11328125]
Memory (VM: aos_vm1)  Actual [1397.0], Unused: [84.24609375]

--------------------------------------------------
Iteration number :  77
Memory (VM: aos_vm3)  Actual [1079.984375], Unused: [920.140625]
Memory (VM: aos_vm4)  Actual [314.20703125], Unused: [154.16796875]
Memory (VM: aos_vm2)  Actual [1492.0], Unused: [148.77734375]
Memory (VM: aos_vm1)  Actual [1477.0], Unused: [149.515625]

--------------------------------------------------
Iteration number :  78
Memory (VM: aos_vm3)  Actual [721.16796875], Unused: [561.33984375]
Memory (VM: aos_vm4)  Actual [314.20703125], Unused: [154.16796875]
Memory (VM: aos_vm2)  Actual [1452.0], Unused: [94.6796875]
Memory (VM: aos_vm1)  Actual [1437.0], Unused: [94.90234375]

--------------------------------------------------
Iteration number :  79
Memory (VM: aos_vm3)  Actual [585.8359375], Unused: [425.95703125]
Memory (VM: aos_vm4)  Actual [314.20703125], Unused: [154.16796875]
Memory (VM: aos_vm2)  Actual [1552.0], Unused: [179.4453125]
Memory (VM: aos_vm1)  Actual [1537.0], Unused: [89.90234375]

--------------------------------------------------
Iteration number :  80
Memory (VM: aos_vm3)  Actual [545.8359375], Unused: [385.99609375]
Memory (VM: aos_vm4)  Actual [314.20703125], Unused: [154.16796875]
Memory (VM: aos_vm2)  Actual [1512.0], Unused: [124.58984375]
Memory (VM: aos_vm1)  Actual [1617.0], Unused: [265.16015625]

--------------------------------------------------
Iteration number :  81
Memory (VM: aos_vm3)  Actual [505.8359375], Unused: [345.9140625]
Memory (VM: aos_vm4)  Actual [314.20703125], Unused: [154.16796875]
Memory (VM: aos_vm2)  Actual [1492.0], Unused: [89.71484375]
Memory (VM: aos_vm1)  Actual [1577.0], Unused: [210.546875]

--------------------------------------------------
Iteration number :  82
Memory (VM: aos_vm3)  Actual [465.8359375], Unused: [305.953125]
Memory (VM: aos_vm4)  Actual [314.20703125], Unused: [154.16796875]
Memory (VM: aos_vm2)  Actual [1572.0], Unused: [154.984375]
Memory (VM: aos_vm1)  Actual [1537.0], Unused: [156.0546875]

--------------------------------------------------
Iteration number :  83
Memory (VM: aos_vm3)  Actual [425.8359375], Unused: [265.9921875]
Memory (VM: aos_vm4)  Actual [314.20703125], Unused: [154.16796875]
Memory (VM: aos_vm2)  Actual [1532.0], Unused: [99.0390625]
Memory (VM: aos_vm1)  Actual [1517.0], Unused: [100.109375]

--------------------------------------------------
Iteration number :  84
Memory (VM: aos_vm3)  Actual [385.8359375], Unused: [225.91015625]
Memory (VM: aos_vm4)  Actual [314.20703125], Unused: [154.16796875]
Memory (VM: aos_vm2)  Actual [1532.0], Unused: [83.66015625]
Memory (VM: aos_vm1)  Actual [1617.0], Unused: [84.24609375]

--------------------------------------------------
Iteration number :  85
Memory (VM: aos_vm3)  Actual [345.8359375], Unused: [185.94921875]
Memory (VM: aos_vm4)  Actual [314.20703125], Unused: [154.16796875]
Memory (VM: aos_vm2)  Actual [1612.0], Unused: [148.6875]
Memory (VM: aos_vm1)  Actual [1577.0], Unused: [149.2734375]

--------------------------------------------------
Iteration number :  86
Memory (VM: aos_vm3)  Actual [305.8359375], Unused: [145.98828125]
Memory (VM: aos_vm4)  Actual [314.20703125], Unused: [154.16796875]
Memory (VM: aos_vm2)  Actual [1572.0], Unused: [93.34765625]
Memory (VM: aos_vm1)  Actual [1557.0], Unused: [93.84375]

--------------------------------------------------
Iteration number :  87
Memory (VM: aos_vm3)  Actual [305.8359375], Unused: [146.01953125]
Memory (VM: aos_vm4)  Actual [314.20703125], Unused: [154.16796875]
Memory (VM: aos_vm2)  Actual [1672.0], Unused: [178.9609375]
Memory (VM: aos_vm1)  Actual [1637.0], Unused: [179.8203125]

--------------------------------------------------
Iteration number :  88
Memory (VM: aos_vm3)  Actual [305.8359375], Unused: [146.01953125]
Memory (VM: aos_vm4)  Actual [314.20703125], Unused: [154.16796875]
Memory (VM: aos_vm2)  Actual [1632.0], Unused: [124.83203125]
Memory (VM: aos_vm1)  Actual [1597.0], Unused: [125.8125]

--------------------------------------------------
Iteration number :  89
Memory (VM: aos_vm3)  Actual [305.8359375], Unused: [146.01953125]
Memory (VM: aos_vm4)  Actual [314.20703125], Unused: [154.16796875]
Memory (VM: aos_vm2)  Actual [1612.0], Unused: [91.2890625]
Memory (VM: aos_vm1)  Actual [1597.0], Unused: [92.1484375]

--------------------------------------------------
Iteration number :  90
Memory (VM: aos_vm3)  Actual [305.8359375], Unused: [146.01953125]
Memory (VM: aos_vm4)  Actual [314.20703125], Unused: [153.8046875]
Memory (VM: aos_vm2)  Actual [1712.0], Unused: [177.14453125]
Memory (VM: aos_vm1)  Actual [1677.0], Unused: [178.3671875]

--------------------------------------------------
Iteration number :  91
Memory (VM: aos_vm3)  Actual [305.8359375], Unused: [144.6875]
Memory (VM: aos_vm4)  Actual [314.20703125], Unused: [153.8046875]
Memory (VM: aos_vm2)  Actual [1672.0], Unused: [123.37890625]
Memory (VM: aos_vm1)  Actual [1637.0], Unused: [124.96484375]

--------------------------------------------------
Iteration number :  92
Memory (VM: aos_vm3)  Actual [305.8359375], Unused: [144.6875]
Memory (VM: aos_vm4)  Actual [314.20703125], Unused: [153.8046875]
Memory (VM: aos_vm2)  Actual [1652.0], Unused: [88.625]
Memory (VM: aos_vm1)  Actual [1637.0], Unused: [91.30078125]

--------------------------------------------------
Iteration number :  93
Memory (VM: aos_vm3)  Actual [305.8359375], Unused: [144.6875]
Memory (VM: aos_vm4)  Actual [314.20703125], Unused: [153.8046875]
Memory (VM: aos_vm2)  Actual [1732.0], Unused: [154.5]
Memory (VM: aos_vm1)  Actual [1717.0], Unused: [176.55078125]

--------------------------------------------------
Iteration number :  94
Memory (VM: aos_vm3)  Actual [305.8359375], Unused: [144.6875]
Memory (VM: aos_vm4)  Actual [314.20703125], Unused: [153.8359375]
Memory (VM: aos_vm2)  Actual [1692.0], Unused: [107.2734375]
Memory (VM: aos_vm1)  Actual [1677.0], Unused: [122.54296875]

--------------------------------------------------
Iteration number :  95
Memory (VM: aos_vm3)  Actual [305.8359375], Unused: [144.6875]
Memory (VM: aos_vm4)  Actual [314.20703125], Unused: [153.8359375]
Memory (VM: aos_vm2)  Actual [1792.0], Unused: [86.203125]
Memory (VM: aos_vm1)  Actual [1777.0], Unused: [88.63671875]

--------------------------------------------------
Iteration number :  96
Memory (VM: aos_vm3)  Actual [305.8359375], Unused: [144.6875]
Memory (VM: aos_vm4)  Actual [314.20703125], Unused: [153.8359375]
Memory (VM: aos_vm2)  Actual [1752.0], Unused: [151.71484375]
Memory (VM: aos_vm1)  Actual [1737.0], Unused: [127.0234375]

--------------------------------------------------
Iteration number :  97
Memory (VM: aos_vm3)  Actual [305.8359375], Unused: [144.6875]
Memory (VM: aos_vm4)  Actual [314.20703125], Unused: [153.8359375]
Memory (VM: aos_vm2)  Actual [1732.0], Unused: [97.46484375]
Memory (VM: aos_vm1)  Actual [1717.0], Unused: [93.359375]

--------------------------------------------------
Iteration number :  98
Memory (VM: aos_vm3)  Actual [305.8359375], Unused: [144.6875]
Memory (VM: aos_vm4)  Actual [314.20703125], Unused: [153.8359375]
Memory (VM: aos_vm2)  Actual [1832.0], Unused: [82.44921875]
Memory (VM: aos_vm1)  Actual [1817.0], Unused: [178.125]

--------------------------------------------------
Iteration number :  99
Memory (VM: aos_vm3)  Actual [305.8359375], Unused: [144.6875]
Memory (VM: aos_vm4)  Actual [314.20703125], Unused: [153.8359375]
Memory (VM: aos_vm2)  Actual [1792.0], Unused: [147.87109375]
Memory (VM: aos_vm1)  Actual [1777.0], Unused: [124.1171875]

--------------------------------------------------
Iteration number :  100
Memory (VM: aos_vm3)  Actual [305.8359375], Unused: [144.6875]
Memory (VM: aos_vm4)  Actual [314.20703125], Unused: [153.8359375]
Memory (VM: aos_vm2)  Actual [1772.0], Unused: [92.7734375]
Memory (VM: aos_vm1)  Actual [1757.0], Unused: [88.87890625]

--------------------------------------------------
Iteration number :  101
Memory (VM: aos_vm3)  Actual [305.8359375], Unused: [144.6875]
Memory (VM: aos_vm4)  Actual [314.20703125], Unused: [153.8359375]
Memory (VM: aos_vm2)  Actual [1852.0], Unused: [178.0234375]
Memory (VM: aos_vm1)  Actual [1837.0], Unused: [154.390625]

--------------------------------------------------
Iteration number :  102
Memory (VM: aos_vm3)  Actual [305.8359375], Unused: [144.6875]
Memory (VM: aos_vm4)  Actual [314.20703125], Unused: [153.8359375]
Memory (VM: aos_vm2)  Actual [1812.0], Unused: [123.89453125]
Memory (VM: aos_vm1)  Actual [1797.0], Unused: [119.87890625]

--------------------------------------------------
Iteration number :  103
Memory (VM: aos_vm3)  Actual [305.8359375], Unused: [144.6875]
Memory (VM: aos_vm4)  Actual [314.20703125], Unused: [153.8359375]
Memory (VM: aos_vm2)  Actual [1865.0], Unused: [89.625]
Memory (VM: aos_vm1)  Actual [1850.0], Unused: [85.8515625]

--------------------------------------------------
Iteration number :  104
Memory (VM: aos_vm3)  Actual [305.8359375], Unused: [144.6875]
Memory (VM: aos_vm4)  Actual [314.20703125], Unused: [153.8359375]
Memory (VM: aos_vm2)  Actual [1874.0], Unused: [155.37890625]
Memory (VM: aos_vm1)  Actual [1863.0], Unused: [150.63671875]

--------------------------------------------------
Iteration number :  105
Memory (VM: aos_vm3)  Actual [305.8359375], Unused: [144.6875]
Memory (VM: aos_vm4)  Actual [314.20703125], Unused: [153.8359375]
Memory (VM: aos_vm2)  Actual [1852.0], Unused: [100.28125]
Memory (VM: aos_vm1)  Actual [1837.0], Unused: [96.62890625]

--------------------------------------------------
Iteration number :  106
Memory (VM: aos_vm3)  Actual [305.8359375], Unused: [144.6875]
Memory (VM: aos_vm4)  Actual [314.20703125], Unused: [153.8359375]
Memory (VM: aos_vm2)  Actual [1852.0], Unused: [86.11328125]
Memory (VM: aos_vm1)  Actual [1937.0], Unused: [182.484375]

--------------------------------------------------
Iteration number :  107
Memory (VM: aos_vm3)  Actual [305.8359375], Unused: [144.6875]
Memory (VM: aos_vm4)  Actual [314.20703125], Unused: [153.8359375]
Memory (VM: aos_vm2)  Actual [1932.0], Unused: [151.50390625]
Memory (VM: aos_vm1)  Actual [1897.0], Unused: [128.38671875]

--------------------------------------------------
Iteration number :  108
Memory (VM: aos_vm3)  Actual [305.8359375], Unused: [144.71875]
Memory (VM: aos_vm4)  Actual [314.20703125], Unused: [153.8359375]
Memory (VM: aos_vm2)  Actual [1892.0], Unused: [97.1328125]
Memory (VM: aos_vm1)  Actual [1877.0], Unused: [93.75390625]

--------------------------------------------------
Iteration number :  109
Memory (VM: aos_vm3)  Actual [305.8359375], Unused: [144.71875]
Memory (VM: aos_vm4)  Actual [314.20703125], Unused: [153.8359375]
Memory (VM: aos_vm2)  Actual [1992.0], Unused: [181.8984375]
Memory (VM: aos_vm1)  Actual [1977.0], Unused: [178.76171875]

--------------------------------------------------
Iteration number :  110
Memory (VM: aos_vm3)  Actual [305.8359375], Unused: [144.71875]
Memory (VM: aos_vm4)  Actual [314.20703125], Unused: [153.8359375]
Memory (VM: aos_vm2)  Actual [1952.0], Unused: [127.40625]
Memory (VM: aos_vm1)  Actual [1937.0], Unused: [124.6328125]

--------------------------------------------------
Iteration number :  111
Memory (VM: aos_vm3)  Actual [305.8359375], Unused: [144.71875]
Memory (VM: aos_vm4)  Actual [314.20703125], Unused: [153.8359375]
Memory (VM: aos_vm2)  Actual [1932.0], Unused: [92.89453125]
Memory (VM: aos_vm1)  Actual [1917.0], Unused: [89.7578125]

--------------------------------------------------
Iteration number :  112
Memory (VM: aos_vm3)  Actual [305.8359375], Unused: [144.71875]
Memory (VM: aos_vm4)  Actual [314.20703125], Unused: [153.8359375]
Memory (VM: aos_vm2)  Actual [2032.0], Unused: [177.5390625]
Memory (VM: aos_vm1)  Actual [1997.0], Unused: [155.26953125]

--------------------------------------------------
Iteration number :  113
Memory (VM: aos_vm3)  Actual [305.8359375], Unused: [144.71875]
Memory (VM: aos_vm4)  Actual [314.20703125], Unused: [153.8359375]
Memory (VM: aos_vm2)  Actual [1992.0], Unused: [123.65234375]
Memory (VM: aos_vm1)  Actual [1957.0], Unused: [101.01953125]

--------------------------------------------------
Iteration number :  114
Memory (VM: aos_vm3)  Actual [305.8359375], Unused: [144.71875]
Memory (VM: aos_vm4)  Actual [314.20703125], Unused: [153.8359375]
Memory (VM: aos_vm2)  Actual [1972.0], Unused: [89.625]
Memory (VM: aos_vm1)  Actual [1957.0], Unused: [86.609375]

--------------------------------------------------
Iteration number :  115
Memory (VM: aos_vm3)  Actual [305.8359375], Unused: [144.71875]
Memory (VM: aos_vm4)  Actual [314.20703125], Unused: [153.8671875]
Memory (VM: aos_vm2)  Actual [1972.0], Unused: [75.45703125]
Memory (VM: aos_vm1)  Actual [1957.0], Unused: [72.44140625]

--------------------------------------------------
Iteration number :  116
Memory (VM: aos_vm3)  Actual [305.8359375], Unused: [144.71875]
Memory (VM: aos_vm4)  Actual [314.20703125], Unused: [153.8671875]
Memory (VM: aos_vm2)  Actual [1972.0], Unused: [77.62890625]
Memory (VM: aos_vm1)  Actual [1957.0], Unused: [57.875]

--------------------------------------------------
Iteration number :  117
Memory (VM: aos_vm3)  Actual [305.8359375], Unused: [144.71875]
Memory (VM: aos_vm4)  Actual [314.20703125], Unused: [153.8671875]
Memory (VM: aos_vm2)  Actual [1972.0], Unused: [63.21875]
Memory (VM: aos_vm1)  Actual [1957.0], Unused: [70.51171875]

--------------------------------------------------
Iteration number :  118
Memory (VM: aos_vm3)  Actual [305.8359375], Unused: [144.71875]
Memory (VM: aos_vm4)  Actual [314.20703125], Unused: [153.8671875]
Memory (VM: aos_vm2)  Actual [1972.0], Unused: [76.9921875]
Memory (VM: aos_vm1)  Actual [1957.0], Unused: [70.890625]

--------------------------------------------------
Iteration number :  119
Memory (VM: aos_vm3)  Actual [305.8359375], Unused: [144.71875]
Memory (VM: aos_vm4)  Actual [314.20703125], Unused: [153.8671875]
Memory (VM: aos_vm2)  Actual [1972.0], Unused: [71.0078125]
Memory (VM: aos_vm1)  Actual [1957.0], Unused: [69.3671875]

--------------------------------------------------
Iteration number :  120
Memory (VM: aos_vm3)  Actual [305.8359375], Unused: [144.71875]
Memory (VM: aos_vm4)  Actual [314.20703125], Unused: [153.01953125]
Memory (VM: aos_vm2)  Actual [1290.19140625], Unused: [1409.09765625]
Memory (VM: aos_vm1)  Actual [1713.0], Unused: [1705.078125]

--------------------------------------------------
Iteration number :  121
Memory (VM: aos_vm3)  Actual [305.8359375], Unused: [144.71875]
Memory (VM: aos_vm4)  Actual [314.20703125], Unused: [153.01953125]
Memory (VM: aos_vm2)  Actual [798.23046875], Unused: [817.796875]
Memory (VM: aos_vm1)  Actual [908.73046875], Unused: [946.7890625]

--------------------------------------------------
Iteration number :  122
Memory (VM: aos_vm3)  Actual [305.8359375], Unused: [144.71875]
Memory (VM: aos_vm4)  Actual [314.20703125], Unused: [153.01953125]
Memory (VM: aos_vm2)  Actual [562.69921875], Unused: [503.80078125]
Memory (VM: aos_vm1)  Actual [525.109375], Unused: [444.88671875]

--------------------------------------------------
Iteration number :  123
Memory (VM: aos_vm3)  Actual [305.8359375], Unused: [144.53125]
Memory (VM: aos_vm4)  Actual [314.20703125], Unused: [153.01953125]
Memory (VM: aos_vm2)  Actual [522.69921875], Unused: [382.828125]
Memory (VM: aos_vm1)  Actual [485.109375], Unused: [325.24609375]

--------------------------------------------------
Iteration number :  124
Memory (VM: aos_vm3)  Actual [305.8359375], Unused: [144.53125]
Memory (VM: aos_vm4)  Actual [314.20703125], Unused: [153.01953125]
Memory (VM: aos_vm2)  Actual [482.69921875], Unused: [342.74609375]
Memory (VM: aos_vm1)  Actual [445.109375], Unused: [285.1640625]

--------------------------------------------------
Iteration number :  125
Memory (VM: aos_vm3)  Actual [305.8359375], Unused: [144.53125]
Memory (VM: aos_vm4)  Actual [314.20703125], Unused: [153.01953125]
Memory (VM: aos_vm2)  Actual [442.69921875], Unused: [302.78515625]
Memory (VM: aos_vm1)  Actual [405.109375], Unused: [250.16796875]

--------------------------------------------------
Iteration number :  126
Memory (VM: aos_vm3)  Actual [305.8359375], Unused: [144.53125]
Memory (VM: aos_vm4)  Actual [314.20703125], Unused: [153.01953125]
Memory (VM: aos_vm2)  Actual [402.69921875], Unused: [262.82421875]
Memory (VM: aos_vm1)  Actual [365.109375], Unused: [222.1953125]

--------------------------------------------------
Iteration number :  127
Memory (VM: aos_vm3)  Actual [305.8359375], Unused: [144.53125]
Memory (VM: aos_vm4)  Actual [314.20703125], Unused: [153.01953125]
Memory (VM: aos_vm2)  Actual [362.69921875], Unused: [222.7421875]
Memory (VM: aos_vm1)  Actual [325.109375], Unused: [185.26171875]

--------------------------------------------------
Iteration number :  128
Memory (VM: aos_vm3)  Actual [305.8359375], Unused: [144.53125]
Memory (VM: aos_vm4)  Actual [314.20703125], Unused: [153.01953125]
Memory (VM: aos_vm2)  Actual [322.69921875], Unused: [182.78125]
Memory (VM: aos_vm1)  Actual [305.109375], Unused: [145.1796875]

--------------------------------------------------
Iteration number :  129
Memory (VM: aos_vm3)  Actual [305.8359375], Unused: [144.5625]
Memory (VM: aos_vm4)  Actual [314.20703125], Unused: [153.01953125]
Memory (VM: aos_vm2)  Actual [302.69921875], Unused: [141.73046875]
Memory (VM: aos_vm1)  Actual [305.109375], Unused: [145.1796875]

--------------------------------------------------
Iteration number :  130
Memory (VM: aos_vm3)  Actual [305.8359375], Unused: [144.5625]
Memory (VM: aos_vm4)  Actual [314.20703125], Unused: [153.01953125]
Memory (VM: aos_vm2)  Actual [302.69921875], Unused: [141.51171875]
Memory (VM: aos_vm1)  Actual [305.109375], Unused: [145.1796875]

--------------------------------------------------
Iteration number :  131
Memory (VM: aos_vm3)  Actual [305.8359375], Unused: [144.5625]
Memory (VM: aos_vm4)  Actual [314.20703125], Unused: [153.01953125]
Memory (VM: aos_vm2)  Actual [302.69921875], Unused: [141.51171875]
Memory (VM: aos_vm1)  Actual [305.109375], Unused: [145.1796875]

--------------------------------------------------
Iteration number :  132
Memory (VM: aos_vm3)  Actual [305.8359375], Unused: [144.5625]
Memory (VM: aos_vm4)  Actual [314.20703125], Unused: [153.01953125]
Memory (VM: aos_vm2)  Actual [302.69921875], Unused: [141.51171875]
Memory (VM: aos_vm1)  Actual [305.109375], Unused: [145.1796875]

--------------------------------------------------
Iteration number :  133
Memory (VM: aos_vm3)  Actual [305.8359375], Unused: [144.5625]
Memory (VM: aos_vm4)  Actual [314.20703125], Unused: [153.01953125]
Memory (VM: aos_vm2)  Actual [302.69921875], Unused: [141.51171875]
Memory (VM: aos_vm1)  Actual [305.109375], Unused: [145.1796875]

--------------------------------------------------
Iteration number :  134
Memory (VM: aos_vm3)  Actual [305.8359375], Unused: [144.5625]
Memory (VM: aos_vm4)  Actual [314.20703125], Unused: [153.01953125]
Memory (VM: aos_vm2)  Actual [302.69921875], Unused: [141.54296875]
Memory (VM: aos_vm1)  Actual [305.109375], Unused: [145.1796875]

--------------------------------------------------
Iteration number :  135
Memory (VM: aos_vm3)  Actual [305.8359375], Unused: [144.5625]
Memory (VM: aos_vm4)  Actual [314.20703125], Unused: [153.01953125]
Memory (VM: aos_vm2)  Actual [302.69921875], Unused: [141.54296875]
Memory (VM: aos_vm1)  Actual [305.109375], Unused: [145.1796875]

--------------------------------------------------
Iteration number :  136
Memory (VM: aos_vm3)  Actual [305.8359375], Unused: [144.5625]
Memory (VM: aos_vm4)  Actual [314.20703125], Unused: [153.05078125]
Memory (VM: aos_vm2)  Actual [302.69921875], Unused: [141.54296875]
Memory (VM: aos_vm1)  Actual [305.109375], Unused: [145.1796875]

--------------------------------------------------
Iteration number :  137
Memory (VM: aos_vm3)  Actual [305.8359375], Unused: [144.5625]
Memory (VM: aos_vm4)  Actual [314.20703125], Unused: [153.05078125]
Memory (VM: aos_vm2)  Actual [302.69921875], Unused: [141.54296875]
Memory (VM: aos_vm1)  Actual [305.109375], Unused: [145.1796875]

--------------------------------------------------
Iteration number :  138
Memory (VM: aos_vm3)  Actual [305.8359375], Unused: [144.5625]
Memory (VM: aos_vm4)  Actual [314.20703125], Unused: [152.86328125]
Memory (VM: aos_vm2)  Actual [302.69921875], Unused: [141.54296875]
Memory (VM: aos_vm1)  Actual [305.109375], Unused: [145.1796875]

--------------------------------------------------
Iteration number :  139
Memory (VM: aos_vm3)  Actual [305.8359375], Unused: [144.5625]
Memory (VM: aos_vm4)  Actual [314.20703125], Unused: [152.86328125]
Memory (VM: aos_vm2)  Actual [302.69921875], Unused: [141.54296875]
Memory (VM: aos_vm1)  Actual [305.109375], Unused: [145.1796875]

--------------------------------------------------
Iteration number :  140
Memory (VM: aos_vm3)  Actual [305.8359375], Unused: [144.5625]
Memory (VM: aos_vm4)  Actual [314.20703125], Unused: [152.86328125]
Memory (VM: aos_vm2)  Actual [302.69921875], Unused: [141.54296875]
Memory (VM: aos_vm1)  Actual [305.109375], Unused: [145.1796875]
^CTraceback (most recent call last):
  File "monitor.py", line 65, in <module>
    s.run()
  File "/usr/lib/python3.8/sched.py", line 149, in run
    delayfunc(time - now)
KeyboardInterrupt

]0;student@ubuntu: /mnt/hgfs/p1/memory/test[01;32mstudent@ubuntu[00m:[01;34m/mnt/hgfs/p1/memory/test[00m$ exit
exit

Script done on 2021-09-27 11:49:22-07:00 [COMMAND_EXIT_CODE="130"]
